2021-07-30 00:56:33 INFO  AbstractLangProcessor: - Start parsing files...
2021-07-30 00:56:39 INFO  AbstractLangProcessor: - Resolve types and bindings of variables, methods and expressions.... /home/h10/Homework/CodeFeatureExtraction/data/py150_files/data/Havate/havate-openstack
2021-07-30 00:56:39 INFO  AbstractLangProcessor: - Heap Information: init = 1056964608(1032192K) used = 185644928(181293K) committed = 1279262720(1249280K) max = 16861102080(16465920K)
2021-07-30 00:56:39 INFO  Inferer: - Resolve type bindings...
2021-07-30 00:56:45 INFO  Inferer: - Dependency analaysing...
2021-07-30 00:56:45 INFO  Inferer: - Heap Information: init = 1056964608(1032192K) used = 170641816(166642K) committed = 1279262720(1249280K) max = 16861102080(16465920K)
2021-07-30 00:56:49 INFO  AbstractLangProcessor: - Heap Information: init = 1056964608(1032192K) used = 35626648(34791K) committed = 364904448(356352K) max = 16861102080(16465920K)
2021-07-30 00:56:49 INFO  AbstractLangProcessor: - Dependencie data generating done successfully...
2021-07-30 00:58:04 INFO  AbstractLangProcessor: - Start parsing files...
2021-07-30 00:58:05 INFO  AbstractLangProcessor: - Resolve types and bindings of variables, methods and expressions.... /home/h10/Homework/CodeFeatureExtraction/data/py150_files/data/Nordeus/pushkin
2021-07-30 00:58:05 INFO  AbstractLangProcessor: - Heap Information: init = 1056964608(1032192K) used = 36565256(35708K) committed = 1065353216(1040384K) max = 16861102080(16465920K)
2021-07-30 00:58:05 INFO  Inferer: - Resolve type bindings...
2021-07-30 00:58:05 INFO  Inferer: - Dependency analaysing...
2021-07-30 00:58:05 INFO  Inferer: - Heap Information: init = 1056964608(1032192K) used = 70119688(68476K) committed = 1065353216(1040384K) max = 16861102080(16465920K)
2021-07-30 00:58:05 INFO  AbstractLangProcessor: - Heap Information: init = 1056964608(1032192K) used = 11073440(10813K) committed = 310378496(303104K) max = 16861102080(16465920K)
2021-07-30 00:58:05 INFO  AbstractLangProcessor: - Dependencie data generating done successfully...
2021-07-30 00:59:36 INFO  AbstractLangProcessor: - Start parsing files...
2021-07-30 00:59:39 INFO  AbstractLangProcessor: - Resolve types and bindings of variables, methods and expressions.... /home/h10/Homework/CodeFeatureExtraction/data/py150_files/data/ipython/ipython-py3k
2021-07-30 00:59:39 INFO  AbstractLangProcessor: - Heap Information: init = 1056964608(1032192K) used = 508239872(496328K) committed = 1065353216(1040384K) max = 16861102080(16465920K)
2021-07-30 00:59:39 INFO  Inferer: - Resolve type bindings...
2021-07-30 00:59:44 INFO  Inferer: - Dependency analaysing...
2021-07-30 00:59:44 INFO  Inferer: - Heap Information: init = 1056964608(1032192K) used = 419647584(409812K) committed = 1065353216(1040384K) max = 16861102080(16465920K)
2021-07-30 00:59:46 INFO  AbstractLangProcessor: - Heap Information: init = 1056964608(1032192K) used = 29404000(28714K) committed = 352321536(344064K) max = 16861102080(16465920K)
2021-07-30 00:59:46 INFO  AbstractLangProcessor: - Dependencie data generating done successfully...
2021-07-30 01:00:53 INFO  AbstractLangProcessor: - Start parsing files...
2021-07-30 01:00:53 INFO  AbstractLangProcessor: - Resolve types and bindings of variables, methods and expressions.... /home/h10/Homework/CodeFeatureExtraction/data/py150_files/data/jacobian-archive/jellyroll
2021-07-30 01:00:53 INFO  AbstractLangProcessor: - Heap Information: init = 1056964608(1032192K) used = 135181904(132013K) committed = 1065353216(1040384K) max = 16861102080(16465920K)
2021-07-30 01:00:53 INFO  Inferer: - Resolve type bindings...
2021-07-30 01:00:54 INFO  Inferer: - Dependency analaysing...
2021-07-30 01:00:54 INFO  Inferer: - Heap Information: init = 1056964608(1032192K) used = 168736336(164781K) committed = 1065353216(1040384K) max = 16861102080(16465920K)
2021-07-30 01:00:54 INFO  AbstractLangProcessor: - Heap Information: init = 1056964608(1032192K) used = 11474008(11205K) committed = 310378496(303104K) max = 16861102080(16465920K)
2021-07-30 01:00:54 INFO  AbstractLangProcessor: - Dependencie data generating done successfully...
2021-07-30 16:51:21 INFO  AbstractLangProcessor: - Start parsing files...
2021-07-30 16:51:21 INFO  AbstractLangProcessor: - Resolve types and bindings of variables, methods and expressions.... /home/h10/Homework/CodeFeatureExtraction/data/py150_files/data/ARMmbed/htrun
2021-07-30 16:51:21 INFO  AbstractLangProcessor: - Heap Information: init = 1056964608(1032192K) used = 39820696(38887K) committed = 1065353216(1040384K) max = 16861102080(16465920K)
2021-07-30 16:51:21 INFO  Inferer: - Resolve type bindings...
2021-07-30 16:51:21 INFO  Inferer: - Dependency analaysing...
2021-07-30 16:51:21 INFO  Inferer: - Heap Information: init = 1056964608(1032192K) used = 69180824(67559K) committed = 1065353216(1040384K) max = 16861102080(16465920K)
2021-07-30 16:51:21 INFO  AbstractLangProcessor: - Heap Information: init = 1056964608(1032192K) used = 10343144(10100K) committed = 322961408(315392K) max = 16861102080(16465920K)
2021-07-30 16:51:21 INFO  AbstractLangProcessor: - Dependencie data generating done successfully...
2021-07-30 16:54:10 INFO  AbstractLangProcessor: - Start parsing files...
2021-07-30 16:54:10 INFO  AbstractLangProcessor: - Resolve types and bindings of variables, methods and expressions.... /home/h10/Homework/CodeFeatureExtraction/data/py150_files/data/amuraru/thrift-connection-pool
2021-07-30 16:54:10 INFO  AbstractLangProcessor: - Heap Information: init = 1056964608(1032192K) used = 9793416(9563K) committed = 1065353216(1040384K) max = 16861102080(16465920K)
2021-07-30 16:54:10 INFO  Inferer: - Resolve type bindings...
2021-07-30 16:54:10 INFO  Inferer: - Dependency analaysing...
2021-07-30 16:54:10 INFO  Inferer: - Heap Information: init = 1056964608(1032192K) used = 22376328(21851K) committed = 1065353216(1040384K) max = 16861102080(16465920K)
2021-07-30 16:54:11 INFO  AbstractLangProcessor: - Heap Information: init = 1056964608(1032192K) used = 9134704(8920K) committed = 142606336(139264K) max = 16861102080(16465920K)
2021-07-30 16:54:11 INFO  AbstractLangProcessor: - Dependencie data generating done successfully...
2021-07-30 17:01:01 INFO  AbstractLangProcessor: - Start parsing files...
2021-07-30 17:01:01 INFO  AbstractLangProcessor: - Resolve types and bindings of variables, methods and expressions.... /home/h10/Homework/CodeFeatureExtraction/depends-0.9.6/tmp
2021-07-30 17:01:01 INFO  AbstractLangProcessor: - Heap Information: init = 1056964608(1032192K) used = 34283520(33480K) committed = 1065353216(1040384K) max = 16861102080(16465920K)
2021-07-30 17:01:01 INFO  Inferer: - Resolve type bindings...
2021-07-30 17:01:01 INFO  Inferer: - Dependency analaysing...
2021-07-30 17:01:01 INFO  Inferer: - Heap Information: init = 1056964608(1032192K) used = 38477824(37576K) committed = 1065353216(1040384K) max = 16861102080(16465920K)
2021-07-30 17:01:01 INFO  AbstractLangProcessor: - Heap Information: init = 1056964608(1032192K) used = 8487024(8288K) committed = 167772160(163840K) max = 16861102080(16465920K)
2021-07-30 17:01:01 INFO  AbstractLangProcessor: - Dependencie data generating done successfully...
2021-07-30 17:01:35 INFO  AbstractLangProcessor: - Start parsing files...
2021-07-30 17:01:35 INFO  AbstractLangProcessor: - Resolve types and bindings of variables, methods and expressions.... /home/h10/Homework/CodeFeatureExtraction/depends-0.9.6/tmp
2021-07-30 17:01:35 INFO  AbstractLangProcessor: - Heap Information: init = 1056964608(1032192K) used = 34283520(33480K) committed = 1065353216(1040384K) max = 16861102080(16465920K)
2021-07-30 17:01:35 INFO  Inferer: - Resolve type bindings...
2021-07-30 17:01:35 INFO  Inferer: - Dependency analaysing...
2021-07-30 17:01:35 INFO  Inferer: - Heap Information: init = 1056964608(1032192K) used = 38477824(37576K) committed = 1065353216(1040384K) max = 16861102080(16465920K)
2021-07-30 17:01:35 INFO  AbstractLangProcessor: - Heap Information: init = 1056964608(1032192K) used = 8486216(8287K) committed = 167772160(163840K) max = 16861102080(16465920K)
2021-07-30 17:01:35 INFO  AbstractLangProcessor: - Dependencie data generating done successfully...
2021-07-30 17:02:51 INFO  AbstractLangProcessor: - Start parsing files...
2021-07-30 17:02:51 INFO  AbstractLangProcessor: - Resolve types and bindings of variables, methods and expressions.... /home/h10/Homework/CodeFeatureExtraction/depends-0.9.6/tmp
2021-07-30 17:02:51 INFO  AbstractLangProcessor: - Heap Information: init = 1056964608(1032192K) used = 34283520(33480K) committed = 1065353216(1040384K) max = 16861102080(16465920K)
2021-07-30 17:02:51 INFO  Inferer: - Resolve type bindings...
2021-07-30 17:02:51 INFO  Inferer: - Dependency analaysing...
2021-07-30 17:02:51 INFO  Inferer: - Heap Information: init = 1056964608(1032192K) used = 38477824(37576K) committed = 1065353216(1040384K) max = 16861102080(16465920K)
2021-07-30 17:02:51 INFO  AbstractLangProcessor: - Heap Information: init = 1056964608(1032192K) used = 8495712(8296K) committed = 167772160(163840K) max = 16861102080(16465920K)
2021-07-30 17:02:51 INFO  AbstractLangProcessor: - Dependencie data generating done successfully...
2021-07-30 17:04:18 INFO  AbstractLangProcessor: - Start parsing files...
2021-07-30 17:04:18 INFO  AbstractLangProcessor: - Resolve types and bindings of variables, methods and expressions.... /home/h10/Homework/CodeFeatureExtraction/depends-0.9.6/tmp
2021-07-30 17:04:18 INFO  AbstractLangProcessor: - Heap Information: init = 1056964608(1032192K) used = 34283520(33480K) committed = 1065353216(1040384K) max = 16861102080(16465920K)
2021-07-30 17:04:18 INFO  Inferer: - Resolve type bindings...
2021-07-30 17:04:18 INFO  Inferer: - Dependency analaysing...
2021-07-30 17:04:18 INFO  Inferer: - Heap Information: init = 1056964608(1032192K) used = 38477824(37576K) committed = 1065353216(1040384K) max = 16861102080(16465920K)
2021-07-30 17:04:18 INFO  AbstractLangProcessor: - Heap Information: init = 1056964608(1032192K) used = 8519416(8319K) committed = 167772160(163840K) max = 16861102080(16465920K)
2021-07-30 17:04:18 INFO  AbstractLangProcessor: - Dependencie data generating done successfully...
2021-07-30 17:04:54 INFO  AbstractLangProcessor: - Start parsing files...
2021-07-30 17:04:54 INFO  AbstractLangProcessor: - Resolve types and bindings of variables, methods and expressions.... /home/h10/Homework/CodeFeatureExtraction/depends-0.9.6/tmp
2021-07-30 17:04:54 INFO  AbstractLangProcessor: - Heap Information: init = 1056964608(1032192K) used = 38477824(37576K) committed = 1065353216(1040384K) max = 16861102080(16465920K)
2021-07-30 17:04:54 INFO  Inferer: - Resolve type bindings...
2021-07-30 17:04:54 INFO  Inferer: - Dependency analaysing...
2021-07-30 17:04:54 INFO  Inferer: - Heap Information: init = 1056964608(1032192K) used = 38477824(37576K) committed = 1065353216(1040384K) max = 16861102080(16465920K)
2021-07-30 17:04:54 INFO  AbstractLangProcessor: - Heap Information: init = 1056964608(1032192K) used = 8519608(8319K) committed = 155189248(151552K) max = 16861102080(16465920K)
2021-07-30 17:04:54 INFO  AbstractLangProcessor: - Dependencie data generating done successfully...
2021-07-30 17:06:31 INFO  AbstractLangProcessor: - Start parsing files...
2021-07-30 17:06:31 INFO  AbstractLangProcessor: - Resolve types and bindings of variables, methods and expressions.... /home/h10/Homework/CodeFeatureExtraction/depends-0.9.6/tmp
2021-07-30 17:06:31 INFO  AbstractLangProcessor: - Heap Information: init = 1056964608(1032192K) used = 38477824(37576K) committed = 1065353216(1040384K) max = 16861102080(16465920K)
2021-07-30 17:06:31 INFO  Inferer: - Resolve type bindings...
2021-07-30 17:06:31 INFO  Inferer: - Dependency analaysing...
2021-07-30 17:06:31 INFO  Inferer: - Heap Information: init = 1056964608(1032192K) used = 38477824(37576K) committed = 1065353216(1040384K) max = 16861102080(16465920K)
2021-07-30 17:06:31 INFO  AbstractLangProcessor: - Heap Information: init = 1056964608(1032192K) used = 8519584(8319K) committed = 167772160(163840K) max = 16861102080(16465920K)
2021-07-30 17:06:31 INFO  AbstractLangProcessor: - Dependencie data generating done successfully...
2021-07-30 17:07:25 INFO  AbstractLangProcessor: - Start parsing files...
2021-07-30 17:07:25 INFO  AbstractLangProcessor: - Resolve types and bindings of variables, methods and expressions.... /home/h10/Homework/CodeFeatureExtraction/depends-0.9.6/tmp
2021-07-30 17:07:25 INFO  AbstractLangProcessor: - Heap Information: init = 1056964608(1032192K) used = 38477824(37576K) committed = 1065353216(1040384K) max = 16861102080(16465920K)
2021-07-30 17:07:25 INFO  Inferer: - Resolve type bindings...
2021-07-30 17:07:25 INFO  Inferer: - Dependency analaysing...
2021-07-30 17:07:25 INFO  Inferer: - Heap Information: init = 1056964608(1032192K) used = 38477824(37576K) committed = 1065353216(1040384K) max = 16861102080(16465920K)
2021-07-30 17:07:25 INFO  AbstractLangProcessor: - Heap Information: init = 1056964608(1032192K) used = 8518432(8318K) committed = 167772160(163840K) max = 16861102080(16465920K)
2021-07-30 17:07:25 INFO  AbstractLangProcessor: - Dependencie data generating done successfully...
2021-07-30 17:08:25 INFO  AbstractLangProcessor: - Start parsing files...
2021-07-30 17:08:25 INFO  AbstractLangProcessor: - Resolve types and bindings of variables, methods and expressions.... /home/h10/Homework/CodeFeatureExtraction/depends-0.9.6/tmp
2021-07-30 17:08:25 INFO  AbstractLangProcessor: - Heap Information: init = 1056964608(1032192K) used = 34283520(33480K) committed = 1065353216(1040384K) max = 16861102080(16465920K)
2021-07-30 17:08:25 INFO  Inferer: - Resolve type bindings...
2021-07-30 17:08:25 INFO  Inferer: - Dependency analaysing...
2021-07-30 17:08:25 INFO  Inferer: - Heap Information: init = 1056964608(1032192K) used = 38477824(37576K) committed = 1065353216(1040384K) max = 16861102080(16465920K)
2021-07-30 17:08:25 INFO  AbstractLangProcessor: - Heap Information: init = 1056964608(1032192K) used = 8520472(8320K) committed = 167772160(163840K) max = 16861102080(16465920K)
2021-07-30 17:08:25 INFO  AbstractLangProcessor: - Dependencie data generating done successfully...
2021-07-30 17:08:52 INFO  AbstractLangProcessor: - Start parsing files...
2021-07-30 17:08:52 INFO  AbstractLangProcessor: - Resolve types and bindings of variables, methods and expressions.... /home/h10/Homework/CodeFeatureExtraction/depends-0.9.6/tmp
2021-07-30 17:08:52 INFO  AbstractLangProcessor: - Heap Information: init = 1056964608(1032192K) used = 38477824(37576K) committed = 1065353216(1040384K) max = 16861102080(16465920K)
2021-07-30 17:08:52 INFO  Inferer: - Resolve type bindings...
2021-07-30 17:08:52 INFO  Inferer: - Dependency analaysing...
2021-07-30 17:08:52 INFO  Inferer: - Heap Information: init = 1056964608(1032192K) used = 38477824(37576K) committed = 1065353216(1040384K) max = 16861102080(16465920K)
2021-07-30 17:08:52 INFO  AbstractLangProcessor: - Heap Information: init = 1056964608(1032192K) used = 8520624(8320K) committed = 167772160(163840K) max = 16861102080(16465920K)
2021-07-30 17:08:52 INFO  AbstractLangProcessor: - Dependencie data generating done successfully...
2021-07-30 17:09:52 INFO  AbstractLangProcessor: - Start parsing files...
2021-07-30 17:09:52 INFO  AbstractLangProcessor: - Resolve types and bindings of variables, methods and expressions.... /home/h10/Homework/CodeFeatureExtraction/depends-0.9.6/tmp
2021-07-30 17:09:52 INFO  AbstractLangProcessor: - Heap Information: init = 1056964608(1032192K) used = 34283520(33480K) committed = 1065353216(1040384K) max = 16861102080(16465920K)
2021-07-30 17:09:52 INFO  Inferer: - Resolve type bindings...
2021-07-30 17:09:52 INFO  Inferer: - Dependency analaysing...
2021-07-30 17:09:52 INFO  Inferer: - Heap Information: init = 1056964608(1032192K) used = 38477824(37576K) committed = 1065353216(1040384K) max = 16861102080(16465920K)
2021-07-30 17:09:52 INFO  AbstractLangProcessor: - Heap Information: init = 1056964608(1032192K) used = 8529432(8329K) committed = 167772160(163840K) max = 16861102080(16465920K)
2021-07-30 17:09:52 INFO  AbstractLangProcessor: - Dependencie data generating done successfully...
2021-08-03 19:53:05 INFO  AbstractLangProcessor: - Start parsing files...
2021-08-03 19:53:05 INFO  AbstractLangProcessor: - Resolve types and bindings of variables, methods and expressions.... /home/h10/Homework/CodeFeatureExtraction/tools/depends-0.9.6/example_code
2021-08-03 19:53:05 INFO  AbstractLangProcessor: - Heap Information: init = 1054867456(1030144K) used = 63418232(61931K) committed = 1011351552(987648K) max = 14986248192(14635008K)
2021-08-03 19:53:05 INFO  Inferer: - Resolve type bindings...
2021-08-03 19:53:05 INFO  Inferer: - Dependency analaysing...
2021-08-03 19:53:05 INFO  Inferer: - Heap Information: init = 1054867456(1030144K) used = 63418232(61931K) committed = 1011351552(987648K) max = 14986248192(14635008K)
2021-08-03 19:53:05 INFO  AbstractLangProcessor: - Heap Information: init = 1054867456(1030144K) used = 13253776(12943K) committed = 1011351552(987648K) max = 14986248192(14635008K)
2021-08-03 19:53:05 INFO  AbstractLangProcessor: - Dependencie data generating done successfully...
2021-08-03 19:55:12 INFO  AbstractLangProcessor: - Start parsing files...
2021-08-03 19:55:12 INFO  AbstractLangProcessor: - Resolve types and bindings of variables, methods and expressions.... /home/h10/Homework/CodeFeatureExtraction/tools/depends-0.9.6/example_code
2021-08-03 19:55:12 INFO  AbstractLangProcessor: - Heap Information: init = 1054867456(1030144K) used = 63418032(61931K) committed = 1011351552(987648K) max = 14986248192(14635008K)
2021-08-03 19:55:12 INFO  Inferer: - Resolve type bindings...
2021-08-03 19:55:12 INFO  Inferer: - Dependency analaysing...
2021-08-03 19:55:12 INFO  Inferer: - Heap Information: init = 1054867456(1030144K) used = 63418032(61931K) committed = 1011351552(987648K) max = 14986248192(14635008K)
2021-08-03 19:55:12 INFO  AbstractLangProcessor: - Heap Information: init = 1054867456(1030144K) used = 13253848(12943K) committed = 1011351552(987648K) max = 14986248192(14635008K)
2021-08-03 19:55:12 INFO  AbstractLangProcessor: - Dependencie data generating done successfully...
2021-08-03 19:55:38 INFO  AbstractLangProcessor: - Start parsing files...
2021-08-03 19:55:38 INFO  AbstractLangProcessor: - Resolve types and bindings of variables, methods and expressions.... /home/h10/Homework/CodeFeatureExtraction/tools/depends-0.9.6/example_code
2021-08-03 19:55:38 INFO  AbstractLangProcessor: - Heap Information: init = 1054867456(1030144K) used = 63418056(61931K) committed = 1011351552(987648K) max = 14986248192(14635008K)
2021-08-03 19:55:38 INFO  Inferer: - Resolve type bindings...
2021-08-03 19:55:38 INFO  Inferer: - Dependency analaysing...
2021-08-03 19:55:38 INFO  Inferer: - Heap Information: init = 1054867456(1030144K) used = 63418056(61931K) committed = 1011351552(987648K) max = 14986248192(14635008K)
2021-08-03 19:55:38 INFO  AbstractLangProcessor: - Heap Information: init = 1054867456(1030144K) used = 13278784(12967K) committed = 1011351552(987648K) max = 14986248192(14635008K)
2021-08-03 19:55:38 INFO  AbstractLangProcessor: - Dependencie data generating done successfully...
2021-08-03 19:55:47 INFO  AbstractLangProcessor: - Start parsing files...
2021-08-03 19:55:47 INFO  AbstractLangProcessor: - Resolve types and bindings of variables, methods and expressions.... /home/h10/Homework/CodeFeatureExtraction/tools/depends-0.9.6/example_code
2021-08-03 19:55:47 INFO  AbstractLangProcessor: - Heap Information: init = 1054867456(1030144K) used = 63418232(61931K) committed = 1011351552(987648K) max = 14986248192(14635008K)
2021-08-03 19:55:47 INFO  Inferer: - Resolve type bindings...
2021-08-03 19:55:47 INFO  Inferer: - Dependency analaysing...
2021-08-03 19:55:47 INFO  Inferer: - Heap Information: init = 1054867456(1030144K) used = 63418232(61931K) committed = 1011351552(987648K) max = 14986248192(14635008K)
2021-08-03 19:55:47 INFO  AbstractLangProcessor: - Heap Information: init = 1054867456(1030144K) used = 13254216(12943K) committed = 1011351552(987648K) max = 14986248192(14635008K)
2021-08-03 19:55:47 INFO  AbstractLangProcessor: - Dependencie data generating done successfully...
